<?xml version="1.0" encoding="UTF-8"?>
<!-- Generated by org.testng.reporters.JUnitXMLReporter -->
<testsuite hostname="Administrator" ignored="0" name="BankingApp Test" tests="2" failures="1" timestamp="18 Dec 2019 06:58:15 GMT" time="22.352" errors="0">
  <testcase name="loginTest" time="2.146" classname="com.inetbanking.testCases.TC_Login_001"/>
  <testcase name="TC_NewCustomer001" time="5.463" classname="com.inetbanking.testCases.TC_NewCustomer_001">
    <failure type="java.lang.AssertionError" message="expected [true] but found [false]">
      <![CDATA[java.lang.AssertionError: expected [true] but found [false]
at com.inetbanking.testCases.TC_NewCustomer_001.TC_NewCustomer001(TC_NewCustomer_001.java:33)
... Removed 33 stack frames]]>
    </failure>
  </testcase> <!-- TC_NewCustomer001 -->
</testsuite> <!-- BankingApp Test -->
