<!DOCTYPE html>

<html>
  <head>
  <meta charset='utf-8'>
  <title>TestNG reports</title>

    <link type="text/css" href="testng-reports.css" rel="stylesheet" />
    <script type="text/javascript" src="jquery-1.7.1.min.js"></script>
    <script type="text/javascript" src="testng-reports.js"></script>
    <script type="text/javascript" src="https://www.google.com/jsapi"></script>
    <script type='text/javascript'>
      google.load('visualization', '1', {packages:['table']});
      google.setOnLoadCallback(drawTable);
      var suiteTableInitFunctions = new Array();
      var suiteTableData = new Array();
    </script>
    <!--
      <script type="text/javascript" src="jquery-ui/js/jquery-ui-1.8.16.custom.min.js"></script>
     -->
  </head>

  <body>
    <div class="top-banner-root">
      <span class="top-banner-title-font">Test results</span>
      <br/>
      <span class="top-banner-font-1">1 suite, 5 failed tests</span>
    </div> <!-- top-banner-root -->
    <div class="navigator-root">
      <div class="navigator-suite-header">
        <span>All suites</span>
        <a href="#" class="collapse-all-link" title="Collapse/expand all the suites">
          <img class="collapse-all-icon" src="collapseall.gif">
          </img> <!-- collapse-all-icon -->
        </a> <!-- collapse-all-link -->
      </div> <!-- navigator-suite-header -->
      <div class="suite">
        <div class="rounded-window">
          <div class="suite-header light-rounded-window-top">
            <a href="#" class="navigator-link" panel-name="suite-Failed_suite_[InetBankingV1]">
              <span class="suite-name border-failed">Failed suite [InetBankingV1]</span>
            </a> <!-- navigator-link -->
          </div> <!-- suite-header light-rounded-window-top -->
          <div class="navigator-suite-content">
            <div class="suite-section-title">
              <span>Info</span>
            </div> <!-- suite-section-title -->
            <div class="suite-section-content">
              <ul>
                <li>
                  <a href="#" class="navigator-link " panel-name="test-xml-Failed_suite_[InetBankingV1]">
                    <span>F:\SOFTWARE\STUDYS\Eclipse_Workspace\inetBankingV1\test-output\testng-failed.xml</span>
                  </a> <!-- navigator-link  -->
                </li>
                <li>
                  <a href="#" class="navigator-link " panel-name="testlist-Failed_suite_[InetBankingV1]">
                    <span class="test-stats">1 test</span>
                  </a> <!-- navigator-link  -->
                </li>
                <li>
                  <a href="#" class="navigator-link " panel-name="group-Failed_suite_[InetBankingV1]">
                    <span>0 groups</span>
                  </a> <!-- navigator-link  -->
                </li>
                <li>
                  <a href="#" class="navigator-link " panel-name="times-Failed_suite_[InetBankingV1]">
                    <span>Times</span>
                  </a> <!-- navigator-link  -->
                </li>
                <li>
                  <a href="#" class="navigator-link " panel-name="reporter-Failed_suite_[InetBankingV1]">
                    <span>Reporter output</span>
                  </a> <!-- navigator-link  -->
                </li>
                <li>
                  <a href="#" class="navigator-link " panel-name="ignored-methods-Failed_suite_[InetBankingV1]">
                    <span>Ignored methods</span>
                  </a> <!-- navigator-link  -->
                </li>
                <li>
                  <a href="#" class="navigator-link " panel-name="chronological-Failed_suite_[InetBankingV1]">
                    <span>Chronological view</span>
                  </a> <!-- navigator-link  -->
                </li>
              </ul>
            </div> <!-- suite-section-content -->
            <div class="result-section">
              <div class="suite-section-title">
                <span>Results</span>
              </div> <!-- suite-section-title -->
              <div class="suite-section-content">
                <ul>
                  <li>
                    <span class="method-stats">5 methods, 5 failed,   </span>
                  </li>
                  <li>
                    <span class="method-list-title failed">Failed methods</span>
                    <span class="show-or-hide-methods failed">
                      <a href="#" panel-name="suite-Failed_suite_[InetBankingV1]" class="hide-methods failed suite-Failed_suite_[InetBankingV1]"> (hide)</a> <!-- hide-methods failed suite-Failed_suite_[InetBankingV1] -->
                      <a href="#" panel-name="suite-Failed_suite_[InetBankingV1]" class="show-methods failed suite-Failed_suite_[InetBankingV1]"> (show)</a> <!-- show-methods failed suite-Failed_suite_[InetBankingV1] -->
                    </span>
                    <div class="method-list-content failed suite-Failed_suite_[InetBankingV1]">
                      <span>
                        <img width="3%" src="failed.png"/>
                        <a href="#" class="method navigator-link" panel-name="suite-Failed_suite_[InetBankingV1]" title="com.inetbanking.testCases.TC_LoginDDT_002" hash-for-method="LoginDDT(test, 1234)">LoginDDT(test, 1234)</a> <!-- method navigator-link -->
                      </span>
                      <br/>
                      <span>
                        <img width="3%" src="failed.png"/>
                        <a href="#" class="method navigator-link" panel-name="suite-Failed_suite_[InetBankingV1]" title="com.inetbanking.testCases.TC_LoginDDT_002" hash-for-method="LoginDDT(thao, 123456)">LoginDDT(thao, 123456)</a> <!-- method navigator-link -->
                      </span>
                      <br/>
                      <span>
                        <img width="3%" src="failed.png"/>
                        <a href="#" class="method navigator-link" panel-name="suite-Failed_suite_[InetBankingV1]" title="com.inetbanking.testCases.TC_LoginDDT_002" hash-for-method="LoginDDT(thai, 1234567)">LoginDDT(thai, 1234567)</a> <!-- method navigator-link -->
                      </span>
                      <br/>
                      <span>
                        <img width="3%" src="failed.png"/>
                        <a href="#" class="method navigator-link" panel-name="suite-Failed_suite_[InetBankingV1]" title="com.inetbanking.testCases.TC_NewCustomer_001" hash-for-method="TC_NewCustomer001">TC_NewCustomer001</a> <!-- method navigator-link -->
                      </span>
                      <br/>
                      <span>
                        <img width="3%" src="failed.png"/>
                        <a href="#" class="method navigator-link" panel-name="suite-Failed_suite_[InetBankingV1]" title="com.inetbanking.testCases.TC_Login_001" hash-for-method="loginTest">loginTest</a> <!-- method navigator-link -->
                      </span>
                      <br/>
                    </div> <!-- method-list-content failed suite-Failed_suite_[InetBankingV1] -->
                  </li>
                </ul>
              </div> <!-- suite-section-content -->
            </div> <!-- result-section -->
          </div> <!-- navigator-suite-content -->
        </div> <!-- rounded-window -->
      </div> <!-- suite -->
    </div> <!-- navigator-root -->
    <div class="wrapper">
      <div class="main-panel-root">
        <div panel-name="suite-Failed_suite_[InetBankingV1]" class="panel Failed_suite_[InetBankingV1]">
          <div class="suite-Failed_suite_[InetBankingV1]-class-failed">
            <div class="main-panel-header rounded-window-top">
              <img src="failed.png"/>
              <span class="class-name">com.inetbanking.testCases.TC_LoginDDT_002</span>
            </div> <!-- main-panel-header rounded-window-top -->
            <div class="main-panel-content rounded-window-bottom">
              <div class="method">
                <div class="method-content">
                  <a name="LoginDDT(test, 1234)">
                  </a> <!-- LoginDDT(test, 1234) -->
                  <span class="method-name">LoginDDT</span>
                  <span class="parameters">(test, 1234)</span>
                  <div class="stack-trace">org.openqa.selenium.UnhandledAlertException: unexpected alert open: {Alert text : User or Password is not valid}
  (Session info: chrome=79.0.3945.79): User or Password is not valid
Build info: version: &apos;3.141.59&apos;, revision: &apos;e82be7d358&apos;, time: &apos;2018-11-14T08:17:03&apos;
System info: host: &apos;ADMINISTRATOR&apos;, ip: &apos;192.168.1.8&apos;, os.name: &apos;Windows 7&apos;, os.arch: &apos;x86&apos;, os.version: &apos;6.1&apos;, java.version: &apos;1.8.0_231&apos;
Driver info: org.openqa.selenium.chrome.ChromeDriver
Capabilities {acceptInsecureCerts: false, browserName: chrome, browserVersion: 79.0.3945.79, chrome: {chromedriverVersion: 78.0.3904.105 (60e2d8774a81..., userDataDir: C:\Users\ADMINI~1\AppData\L...}, goog:chromeOptions: {debuggerAddress: localhost:58085}, javascriptEnabled: true, networkConnectionEnabled: false, pageLoadStrategy: normal, platform: XP, platformName: XP, proxy: Proxy(), setWindowRect: true, strictFileInteractability: false, timeouts: {implicit: 0, pageLoad: 300000, script: 30000}, unhandledPromptBehavior: dismiss and notify}
Session ID: c05ed34926fcead30f88f8629ea5c8b5
	at org.openqa.selenium.remote.http.W3CHttpResponseCodec.decode(W3CHttpResponseCodec.java:120)
	at org.openqa.selenium.remote.http.W3CHttpResponseCodec.decode(W3CHttpResponseCodec.java:49)
	at org.openqa.selenium.remote.HttpCommandExecutor.execute(HttpCommandExecutor.java:158)
	at org.openqa.selenium.remote.service.DriverCommandExecutor.execute(DriverCommandExecutor.java:83)
	at org.openqa.selenium.remote.RemoteWebDriver.execute(RemoteWebDriver.java:552)
	at org.openqa.selenium.remote.RemoteWebDriver.execute(RemoteWebDriver.java:609)
	at org.openqa.selenium.remote.RemoteWebDriver.getScreenshotAs(RemoteWebDriver.java:295)
	at com.inetbanking.testCases.BaseClass.captureScreen(BaseClass.java:72)
	at com.inetbanking.testCases.TC_LoginDDT_002.LoginDDT(TC_LoginDDT_002.java:25)
... Removed 25 stack frames
</div> <!-- stack-trace -->
                </div> <!-- method-content -->
              </div> <!-- method -->
              <div class="method">
                <div class="method-content">
                  <a name="LoginDDT(thao, 123456)">
                  </a> <!-- LoginDDT(thao, 123456) -->
                  <span class="method-name">LoginDDT</span>
                  <span class="parameters">(thao, 123456)</span>
                  <div class="stack-trace">org.openqa.selenium.UnhandledAlertException: unexpected alert open: {Alert text : User or Password is not valid}
  (Session info: chrome=79.0.3945.79): User or Password is not valid
Build info: version: &apos;3.141.59&apos;, revision: &apos;e82be7d358&apos;, time: &apos;2018-11-14T08:17:03&apos;
System info: host: &apos;ADMINISTRATOR&apos;, ip: &apos;192.168.1.8&apos;, os.name: &apos;Windows 7&apos;, os.arch: &apos;x86&apos;, os.version: &apos;6.1&apos;, java.version: &apos;1.8.0_231&apos;
Driver info: org.openqa.selenium.chrome.ChromeDriver
Capabilities {acceptInsecureCerts: false, browserName: chrome, browserVersion: 79.0.3945.79, chrome: {chromedriverVersion: 78.0.3904.105 (60e2d8774a81..., userDataDir: C:\Users\ADMINI~1\AppData\L...}, goog:chromeOptions: {debuggerAddress: localhost:58085}, javascriptEnabled: true, networkConnectionEnabled: false, pageLoadStrategy: normal, platform: XP, platformName: XP, proxy: Proxy(), setWindowRect: true, strictFileInteractability: false, timeouts: {implicit: 0, pageLoad: 300000, script: 30000}, unhandledPromptBehavior: dismiss and notify}
Session ID: c05ed34926fcead30f88f8629ea5c8b5
	at org.openqa.selenium.remote.http.W3CHttpResponseCodec.decode(W3CHttpResponseCodec.java:120)
	at org.openqa.selenium.remote.http.W3CHttpResponseCodec.decode(W3CHttpResponseCodec.java:49)
	at org.openqa.selenium.remote.HttpCommandExecutor.execute(HttpCommandExecutor.java:158)
	at org.openqa.selenium.remote.service.DriverCommandExecutor.execute(DriverCommandExecutor.java:83)
	at org.openqa.selenium.remote.RemoteWebDriver.execute(RemoteWebDriver.java:552)
	at org.openqa.selenium.remote.RemoteWebDriver.execute(RemoteWebDriver.java:609)
	at org.openqa.selenium.remote.RemoteWebDriver.getScreenshotAs(RemoteWebDriver.java:295)
	at com.inetbanking.testCases.BaseClass.captureScreen(BaseClass.java:72)
	at com.inetbanking.testCases.TC_LoginDDT_002.LoginDDT(TC_LoginDDT_002.java:25)
... Removed 25 stack frames
</div> <!-- stack-trace -->
                </div> <!-- method-content -->
              </div> <!-- method -->
              <div class="method">
                <div class="method-content">
                  <a name="LoginDDT(thai, 1234567)">
                  </a> <!-- LoginDDT(thai, 1234567) -->
                  <span class="method-name">LoginDDT</span>
                  <span class="parameters">(thai, 1234567)</span>
                  <div class="stack-trace">org.openqa.selenium.UnhandledAlertException: unexpected alert open: {Alert text : User or Password is not valid}
  (Session info: chrome=79.0.3945.79): User or Password is not valid
Build info: version: &apos;3.141.59&apos;, revision: &apos;e82be7d358&apos;, time: &apos;2018-11-14T08:17:03&apos;
System info: host: &apos;ADMINISTRATOR&apos;, ip: &apos;192.168.1.8&apos;, os.name: &apos;Windows 7&apos;, os.arch: &apos;x86&apos;, os.version: &apos;6.1&apos;, java.version: &apos;1.8.0_231&apos;
Driver info: org.openqa.selenium.chrome.ChromeDriver
Capabilities {acceptInsecureCerts: false, browserName: chrome, browserVersion: 79.0.3945.79, chrome: {chromedriverVersion: 78.0.3904.105 (60e2d8774a81..., userDataDir: C:\Users\ADMINI~1\AppData\L...}, goog:chromeOptions: {debuggerAddress: localhost:58085}, javascriptEnabled: true, networkConnectionEnabled: false, pageLoadStrategy: normal, platform: XP, platformName: XP, proxy: Proxy(), setWindowRect: true, strictFileInteractability: false, timeouts: {implicit: 0, pageLoad: 300000, script: 30000}, unhandledPromptBehavior: dismiss and notify}
Session ID: c05ed34926fcead30f88f8629ea5c8b5
	at org.openqa.selenium.remote.http.W3CHttpResponseCodec.decode(W3CHttpResponseCodec.java:120)
	at org.openqa.selenium.remote.http.W3CHttpResponseCodec.decode(W3CHttpResponseCodec.java:49)
	at org.openqa.selenium.remote.HttpCommandExecutor.execute(HttpCommandExecutor.java:158)
	at org.openqa.selenium.remote.service.DriverCommandExecutor.execute(DriverCommandExecutor.java:83)
	at org.openqa.selenium.remote.RemoteWebDriver.execute(RemoteWebDriver.java:552)
	at org.openqa.selenium.remote.RemoteWebDriver.execute(RemoteWebDriver.java:609)
	at org.openqa.selenium.remote.RemoteWebDriver.getScreenshotAs(RemoteWebDriver.java:295)
	at com.inetbanking.testCases.BaseClass.captureScreen(BaseClass.java:72)
	at com.inetbanking.testCases.TC_LoginDDT_002.LoginDDT(TC_LoginDDT_002.java:25)
... Removed 25 stack frames
</div> <!-- stack-trace -->
                </div> <!-- method-content -->
              </div> <!-- method -->
            </div> <!-- main-panel-content rounded-window-bottom -->
          </div> <!-- suite-Failed_suite_[InetBankingV1]-class-failed -->
          <div class="suite-Failed_suite_[InetBankingV1]-class-failed">
            <div class="main-panel-header rounded-window-top">
              <img src="failed.png"/>
              <span class="class-name">com.inetbanking.testCases.TC_Login_001</span>
            </div> <!-- main-panel-header rounded-window-top -->
            <div class="main-panel-content rounded-window-bottom">
              <div class="method">
                <div class="method-content">
                  <a name="loginTest">
                  </a> <!-- loginTest -->
                  <span class="method-name">loginTest</span>
                  <div class="stack-trace">java.lang.AssertionError: expected [true] but found [false]
	at com.inetbanking.testCases.TC_Login_001.loginTest(TC_Login_001.java:24)
... Removed 29 stack frames
</div> <!-- stack-trace -->
                </div> <!-- method-content -->
              </div> <!-- method -->
            </div> <!-- main-panel-content rounded-window-bottom -->
          </div> <!-- suite-Failed_suite_[InetBankingV1]-class-failed -->
          <div class="suite-Failed_suite_[InetBankingV1]-class-failed">
            <div class="main-panel-header rounded-window-top">
              <img src="failed.png"/>
              <span class="class-name">com.inetbanking.testCases.TC_NewCustomer_001</span>
            </div> <!-- main-panel-header rounded-window-top -->
            <div class="main-panel-content rounded-window-bottom">
              <div class="method">
                <div class="method-content">
                  <a name="TC_NewCustomer001">
                  </a> <!-- TC_NewCustomer001 -->
                  <span class="method-name">TC_NewCustomer001</span>
                  <div class="stack-trace">java.lang.AssertionError: expected [true] but found [false]
	at com.inetbanking.testCases.TC_NewCustomer_001.TC_NewCustomer001(TC_NewCustomer_001.java:33)
... Removed 29 stack frames
</div> <!-- stack-trace -->
                </div> <!-- method-content -->
              </div> <!-- method -->
            </div> <!-- main-panel-content rounded-window-bottom -->
          </div> <!-- suite-Failed_suite_[InetBankingV1]-class-failed -->
        </div> <!-- panel Failed_suite_[InetBankingV1] -->
        <div panel-name="test-xml-Failed_suite_[InetBankingV1]" class="panel">
          <div class="main-panel-header rounded-window-top">
            <span class="header-content">F:\SOFTWARE\STUDYS\Eclipse_Workspace\inetBankingV1\test-output\testng-failed.xml</span>
          </div> <!-- main-panel-header rounded-window-top -->
          <div class="main-panel-content rounded-window-bottom">
            <pre>
&lt;?xml version=&quot;1.0&quot; encoding=&quot;UTF-8&quot;?&gt;
&lt;!DOCTYPE suite SYSTEM &quot;http://testng.org/testng-1.0.dtd&quot;&gt;
&lt;suite guice-stage=&quot;DEVELOPMENT&quot; name=&quot;Failed suite [InetBankingV1]&quot;&gt;
  &lt;listeners&gt;
    &lt;listener class-name=&quot;com.inetbanking.utilities.Reporting&quot;/&gt;
  &lt;/listeners&gt;
  &lt;test thread-count=&quot;5&quot; name=&quot;BankingApp Test(failed)&quot;&gt;
    &lt;parameter name=&quot;browser&quot; value=&quot;chrome&quot;/&gt;
    &lt;classes&gt;
      &lt;class name=&quot;com.inetbanking.testCases.TC_NewCustomer_001&quot;&gt;
        &lt;methods&gt;
          &lt;include name=&quot;tearDown&quot;/&gt;
          &lt;include name=&quot;setup&quot;/&gt;
          &lt;include name=&quot;TC_NewCustomer001&quot;/&gt;
        &lt;/methods&gt;
      &lt;/class&gt; &lt;!-- com.inetbanking.testCases.TC_NewCustomer_001 --&gt;
      &lt;class name=&quot;com.inetbanking.testCases.TC_Login_001&quot;&gt;
        &lt;methods&gt;
          &lt;include name=&quot;loginTest&quot;/&gt;
          &lt;include name=&quot;tearDown&quot;/&gt;
          &lt;include name=&quot;setup&quot;/&gt;
        &lt;/methods&gt;
      &lt;/class&gt; &lt;!-- com.inetbanking.testCases.TC_Login_001 --&gt;
      &lt;class name=&quot;com.inetbanking.testCases.TC_LoginDDT_002&quot;&gt;
        &lt;methods&gt;
          &lt;include name=&quot;tearDown&quot;/&gt;
          &lt;include name=&quot;setup&quot;/&gt;
          &lt;include name=&quot;LoginDDT&quot; invocation-numbers=&quot;1 2 4&quot;/&gt;
        &lt;/methods&gt;
      &lt;/class&gt; &lt;!-- com.inetbanking.testCases.TC_LoginDDT_002 --&gt;
    &lt;/classes&gt;
  &lt;/test&gt; &lt;!-- BankingApp Test(failed) --&gt;
&lt;/suite&gt; &lt;!-- Failed suite [InetBankingV1] --&gt;
            </pre>
          </div> <!-- main-panel-content rounded-window-bottom -->
        </div> <!-- panel -->
        <div panel-name="testlist-Failed_suite_[InetBankingV1]" class="panel">
          <div class="main-panel-header rounded-window-top">
            <span class="header-content">Tests for Failed suite [InetBankingV1]</span>
          </div> <!-- main-panel-header rounded-window-top -->
          <div class="main-panel-content rounded-window-bottom">
            <ul>
              <li>
                <span class="test-name">BankingApp Test(failed) (3 classes)</span>
              </li>
            </ul>
          </div> <!-- main-panel-content rounded-window-bottom -->
        </div> <!-- panel -->
        <div panel-name="group-Failed_suite_[InetBankingV1]" class="panel">
          <div class="main-panel-header rounded-window-top">
            <span class="header-content">Groups for Failed suite [InetBankingV1]</span>
          </div> <!-- main-panel-header rounded-window-top -->
          <div class="main-panel-content rounded-window-bottom">
          </div> <!-- main-panel-content rounded-window-bottom -->
        </div> <!-- panel -->
        <div panel-name="times-Failed_suite_[InetBankingV1]" class="panel">
          <div class="main-panel-header rounded-window-top">
            <span class="header-content">Times for Failed suite [InetBankingV1]</span>
          </div> <!-- main-panel-header rounded-window-top -->
          <div class="main-panel-content rounded-window-bottom">
            <div class="times-div">
              <script type="text/javascript">
suiteTableInitFunctions.push('tableData_Failed_suite_[InetBankingV1]');
function tableData_Failed_suite_[InetBankingV1]() {
var data = new google.visualization.DataTable();
data.addColumn('number', 'Number');
data.addColumn('string', 'Method');
data.addColumn('string', 'Class');
data.addColumn('number', 'Time (ms)');
data.addRows(5);
data.setCell(0, 0, 0)
data.setCell(0, 1, 'TC_NewCustomer001')
data.setCell(0, 2, 'com.inetbanking.testCases.TC_NewCustomer_001')
data.setCell(0, 3, 7702);
data.setCell(1, 0, 1)
data.setCell(1, 1, 'loginTest')
data.setCell(1, 2, 'com.inetbanking.testCases.TC_Login_001')
data.setCell(1, 3, 2901);
data.setCell(2, 0, 2)
data.setCell(2, 1, 'LoginDDT')
data.setCell(2, 2, 'com.inetbanking.testCases.TC_LoginDDT_002')
data.setCell(2, 3, 2537);
data.setCell(3, 0, 3)
data.setCell(3, 1, 'LoginDDT')
data.setCell(3, 2, 'com.inetbanking.testCases.TC_LoginDDT_002')
data.setCell(3, 3, 1945);
data.setCell(4, 0, 4)
data.setCell(4, 1, 'LoginDDT')
data.setCell(4, 2, 'com.inetbanking.testCases.TC_LoginDDT_002')
data.setCell(4, 3, 1475);
window.suiteTableData['Failed_suite_[InetBankingV1]']= { tableData: data, tableDiv: 'times-div-Failed_suite_[InetBankingV1]'}
return data;
}
              </script>
              <span class="suite-total-time">Total running time: 16 seconds</span>
              <div id="times-div-Failed_suite_[InetBankingV1]">
              </div> <!-- times-div-Failed_suite_[InetBankingV1] -->
            </div> <!-- times-div -->
          </div> <!-- main-panel-content rounded-window-bottom -->
        </div> <!-- panel -->
        <div panel-name="reporter-Failed_suite_[InetBankingV1]" class="panel">
          <div class="main-panel-header rounded-window-top">
            <span class="header-content">Reporter output for Failed suite [InetBankingV1]</span>
          </div> <!-- main-panel-header rounded-window-top -->
          <div class="main-panel-content rounded-window-bottom">
          </div> <!-- main-panel-content rounded-window-bottom -->
        </div> <!-- panel -->
        <div panel-name="ignored-methods-Failed_suite_[InetBankingV1]" class="panel">
          <div class="main-panel-header rounded-window-top">
            <span class="header-content">0 ignored methods</span>
          </div> <!-- main-panel-header rounded-window-top -->
          <div class="main-panel-content rounded-window-bottom">
          </div> <!-- main-panel-content rounded-window-bottom -->
        </div> <!-- panel -->
        <div panel-name="chronological-Failed_suite_[InetBankingV1]" class="panel">
          <div class="main-panel-header rounded-window-top">
            <span class="header-content">Methods in chronological order</span>
          </div> <!-- main-panel-header rounded-window-top -->
          <div class="main-panel-content rounded-window-bottom">
            <div class="chronological-class">
              <div class="chronological-class-name">com.inetbanking.testCases.TC_NewCustomer_001</div> <!-- chronological-class-name -->
              <div class="configuration-class before">
                <span class="method-name">setup(chrome)</span>
                <span class="method-start">0 ms</span>
              </div> <!-- configuration-class before -->
              <div class="test-method">
                <img src="failed.png">
                </img>
                <span class="method-name">TC_NewCustomer001</span>
                <span class="method-start">10851 ms</span>
              </div> <!-- test-method -->
              <div class="configuration-class after">
                <span class="method-name">tearDown</span>
                <span class="method-start">18644 ms</span>
              </div> <!-- configuration-class after -->
            </div> <!-- chronological-class -->
            <div class="chronological-class">
              <div class="chronological-class-name">com.inetbanking.testCases.TC_Login_001</div> <!-- chronological-class-name -->
              <div class="configuration-class before">
                <span class="method-name">setup(chrome)</span>
                <span class="method-start">19881 ms</span>
              </div> <!-- configuration-class before -->
              <div class="test-method">
                <img src="failed.png">
                </img>
                <span class="method-name">loginTest</span>
                <span class="method-start">26581 ms</span>
              </div> <!-- test-method -->
              <div class="configuration-class after">
                <span class="method-name">tearDown</span>
                <span class="method-start">29487 ms</span>
              </div> <!-- configuration-class after -->
            </div> <!-- chronological-class -->
            <div class="chronological-class">
              <div class="chronological-class-name">com.inetbanking.testCases.TC_LoginDDT_002</div> <!-- chronological-class-name -->
              <div class="configuration-class before">
                <span class="method-name">setup(chrome)</span>
                <span class="method-start">30171 ms</span>
              </div> <!-- configuration-class before -->
              <div class="test-method">
                <img src="failed.png">
                </img>
                <span class="method-name">LoginDDT(thao, 123456)</span>
                <span class="method-start">39613 ms</span>
              </div> <!-- test-method -->
              <div class="test-method">
                <img src="failed.png">
                </img>
                <span class="method-name">LoginDDT(thai, 1234567)</span>
                <span class="method-start">41093 ms</span>
              </div> <!-- test-method -->
              <div class="test-method">
                <img src="failed.png">
                </img>
                <span class="method-name">LoginDDT(test, 1234)</span>
                <span class="method-start">43041 ms</span>
              </div> <!-- test-method -->
              <div class="configuration-class after">
                <span class="method-name">tearDown</span>
                <span class="method-start">45581 ms</span>
              </div> <!-- configuration-class after -->
          </div> <!-- main-panel-content rounded-window-bottom -->
        </div> <!-- panel -->
      </div> <!-- main-panel-root -->
    </div> <!-- wrapper -->
  </body>
</html>
